<?xml version="1.0" encoding="UTF-8"?>
<!-- Generated by org.testng.reporters.JUnitXMLReporter -->
<testsuite hostname="ICPL12785" name="Default test" tests="1" failures="0" timestamp="4 Apr 2018 10:10:53 GMT" time="0.049" errors="0">
  <testcase name="@BeforeTest browserconfig" time="0.0" classname="com.icpl.infostretch.TestFlipkart">
    <failure type="org.testng.TestNGException" message="
Parameter &amp;apos;browser&amp;apos; is required by @Configuration on method browserconfig but has not been marked @Optional or defined
in C:\Users\shubham.dubey\AppData\Local\Temp\testng-eclipse-1639517123\testng-customsuite.xml">
      <![CDATA[org.testng.TestNGException: 
Parameter 'browser' is required by @Configuration on method browserconfig but has not been marked @Optional or defined
in C:\Users\shubham.dubey\AppData\Local\Temp\testng-eclipse-1639517123\testng-customsuite.xml
	at org.testng.internal.Parameters.createParameters(Parameters.java:165)
	at org.testng.internal.Parameters.createParameters(Parameters.java:372)
	at org.testng.internal.Parameters.createConfigurationParameters(Parameters.java:90)
	at org.testng.internal.Invoker.invokeConfigurations(Invoker.java:199)
	at org.testng.internal.Invoker.invokeConfigurations(Invoker.java:140)
	at org.testng.TestRunner.beforeRun(TestRunner.java:645)
	at org.testng.TestRunner.run(TestRunner.java:613)
	at org.testng.SuiteRunner.runTest(SuiteRunner.java:357)
	at org.testng.SuiteRunner.runSequentially(SuiteRunner.java:352)
	at org.testng.SuiteRunner.privateRun(SuiteRunner.java:310)
	at org.testng.SuiteRunner.run(SuiteRunner.java:259)
	at org.testng.SuiteRunnerWorker.runSuite(SuiteRunnerWorker.java:52)
	at org.testng.SuiteRunnerWorker.run(SuiteRunnerWorker.java:86)
	at org.testng.TestNG.runSuitesSequentially(TestNG.java:1199)
	at org.testng.TestNG.runSuitesLocally(TestNG.java:1124)
	at org.testng.TestNG.run(TestNG.java:1032)
	at org.testng.remote.AbstractRemoteTestNG.run(AbstractRemoteTestNG.java:114)
	at org.testng.remote.RemoteTestNG.initAndRun(RemoteTestNG.java:251)
	at org.testng.remote.RemoteTestNG.main(RemoteTestNG.java:77)
]]>
    </failure>
  </testcase> <!-- @BeforeTest browserconfig -->
  <testcase name="@AfterTest closeBrowser" time="0.0" classname="com.icpl.infostretch.TestFlipkart">
    <skipped/>
  </testcase> <!-- @AfterTest closeBrowser -->
  <testcase name="flipkartlogin" time="0.008" classname="com.icpl.infostretch.TestFlipkart">
    <skipped/>
  </testcase> <!-- flipkartlogin -->
</testsuite> <!-- Default test -->
